<?xml version="1.0" encoding="UTF-8"?>
<testng-results skipped="0" failed="0" ignored="0" total="1" passed="1">
  <reporter-output>
    <line>
      <![CDATA[Setting up reports and Test is getting ready]]>
    </line>
    <line>
      <![CDATA[Setting Done-Test can be started]]>
    </line>
    <line>
      <![CDATA[Trying to start Browser and Getting application ready]]>
    </line>
    <line>
      <![CDATA[Browser and Application up and running]]>
    </line>
    <line>
      <![CDATA[Test is about to end]]>
    </line>
    <line>
      <![CDATA[Test Completed>>>Reports Generated]]>
    </line>
  </reporter-output>
  <suite name="Default suite" duration-ms="24756" started-at="2019-10-30T04:03:07Z" finished-at="2019-10-30T04:03:31Z">
    <groups>
    </groups>
    <test name="Default test" duration-ms="24756" started-at="2019-10-30T04:03:07Z" finished-at="2019-10-30T04:03:31Z">
      <class name="com.automation.testcases.LoginToOrangeHRM">
        <test-method status="PASS" signature="setUpSuit()[pri:0, instance:com.automation.testcases.LoginToOrangeHRM@604ed9f0]" name="setUpSuit" is-config="true" duration-ms="908" started-at="2019-10-30T04:03:06Z" finished-at="2019-10-30T04:03:07Z">
          <reporter-output>
            <line>
              <![CDATA[Setting up reports and Test is getting ready]]>
            </line>
            <line>
              <![CDATA[Setting Done-Test can be started]]>
            </line>
          </reporter-output>
        </test-method> <!-- setUpSuit -->
        <test-method status="PASS" signature="setUp()[pri:0, instance:com.automation.testcases.LoginToOrangeHRM@604ed9f0]" name="setUp" is-config="true" duration-ms="12039" started-at="2019-10-30T04:03:07Z" finished-at="2019-10-30T04:03:19Z">
          <reporter-output>
            <line>
              <![CDATA[Trying to start Browser and Getting application ready]]>
            </line>
            <line>
              <![CDATA[Browser and Application up and running]]>
            </line>
          </reporter-output>
        </test-method> <!-- setUp -->
        <test-method status="PASS" signature="tearDownMethod(org.testng.ITestResult)[pri:0, instance:com.automation.testcases.LoginToOrangeHRM@604ed9f0]" name="tearDownMethod" is-config="true" duration-ms="5" started-at="2019-10-30T04:03:19Z" finished-at="2019-10-30T04:03:19Z">
          <params>
            <param index="0">
              <value>
                <![CDATA[[TestResult name=loginToHRMtestCaseDemo status=SUCCESS method=LoginToOrangeHRM.loginToHRMtestCaseDemo()[pri:0, instance:com.automation.testcases.LoginToOrangeHRM@604ed9f0] output={null}]]]>
              </value>
            </param>
          </params>
          <reporter-output>
            <line>
              <![CDATA[Test is about to end]]>
            </line>
            <line>
              <![CDATA[Test Completed>>>Reports Generated]]>
            </line>
          </reporter-output>
        </test-method> <!-- tearDownMethod -->
        <test-method status="PASS" signature="loginToHRMtestCaseDemo()[pri:0, instance:com.automation.testcases.LoginToOrangeHRM@604ed9f0]" name="loginToHRMtestCaseDemo" duration-ms="12080" started-at="2019-10-30T04:03:19Z" finished-at="2019-10-30T04:03:31Z">
          <reporter-output>
          </reporter-output>
        </test-method> <!-- loginToHRMtestCaseDemo -->
        <test-method status="PASS" signature="tearDown()[pri:0, instance:com.automation.testcases.LoginToOrangeHRM@604ed9f0]" name="tearDown" is-config="true" duration-ms="602" started-at="2019-10-30T04:03:31Z" finished-at="2019-10-30T04:03:31Z">
          <reporter-output>
          </reporter-output>
        </test-method> <!-- tearDown -->
      </class> <!-- com.automation.testcases.LoginToOrangeHRM -->
    </test> <!-- Default test -->
  </suite> <!-- Default suite -->
</testng-results>
